Jupyter Kernel Gateway 3.0.1 is available at http://127.0.0.1:8888
Kernel started: 7e974a74-211a-41ea-a7cc-e1538b74662b
No session ID specified
Connecting to kernel 7e974a74-211a-41ea-a7cc-e1538b74662b.
The port 8888 is already in use, trying another port.
Jupyter Kernel Gateway 3.0.1 is available at http://127.0.0.1:8889
Kernel started: faa0d21b-e7cd-4bff-a48d-f88be2716a9d
No session ID specified
Connecting to kernel faa0d21b-e7cd-4bff-a48d-f88be2716a9d.
interrupted
interrupted
Shutting down...
Shutting down...
Kernel shutdown: faa0d21b-e7cd-4bff-a48d-f88be2716a9d
Kernel shutdown: 7e974a74-211a-41ea-a7cc-e1538b74662b
Jupyter Kernel Gateway 3.0.1 is available at http://127.0.0.1:8888
Kernel started: 73b83d88-51df-4770-b9d1-6366e9584ac9
No session ID specified
Connecting to kernel 73b83d88-51df-4770-b9d1-6366e9584ac9.
The port 8888 is already in use, trying another port.
Jupyter Kernel Gateway 3.0.1 is available at http://127.0.0.1:8889
Kernel started: cde2c85d-e712-492e-a977-c3c0a5e96df8
No session ID specified
Connecting to kernel cde2c85d-e712-492e-a977-c3c0a5e96df8.
WebSocket ping timeout after 90001 ms.
Starting buffering for 73b83d88-51df-4770-b9d1-6366e9584ac9:09b90a6e-ffd27f33b14ed152cfc0f846
interrupted
Shutting down...
Kernel shutdown: cde2c85d-e712-492e-a977-c3c0a5e96df8
interrupted
Shutting down...
Kernel shutdown: 73b83d88-51df-4770-b9d1-6366e9584ac9
Jupyter Kernel Gateway 3.0.1 is available at http://127.0.0.1:8888
Kernel started: 328fdb26-c5af-4ee9-a7d8-7d5a11512338
No session ID specified
Connecting to kernel 328fdb26-c5af-4ee9-a7d8-7d5a11512338.
The port 8888 is already in use, trying another port.
Jupyter Kernel Gateway 3.0.1 is available at http://127.0.0.1:8889
Kernel started: 38f61b43-3d26-4eef-a0d7-6ed0d55126b1
No session ID specified
Connecting to kernel 38f61b43-3d26-4eef-a0d7-6ed0d55126b1.
WebSocket ping timeout after 90001 ms.
WebSocket ping timeout after 90001 ms.
Starting buffering for 328fdb26-c5af-4ee9-a7d8-7d5a11512338:14ba6a25-e3b7ba7172287f1eca2e7a3c
Starting buffering for 38f61b43-3d26-4eef-a0d7-6ed0d55126b1:e4c6f95d-f36217c87a2ff8e988c8d8d4
interrupted
Shutting down...
Kernel shutdown: 38f61b43-3d26-4eef-a0d7-6ed0d55126b1
interrupted
Shutting down...
Kernel shutdown: 328fdb26-c5af-4ee9-a7d8-7d5a11512338
Jupyter Kernel Gateway 3.0.1 is available at http://127.0.0.1:8888
Kernel started: 7d86cee8-2ed6-4a73-b88d-395efdc847bf
No session ID specified
Connecting to kernel 7d86cee8-2ed6-4a73-b88d-395efdc847bf.
The port 8888 is already in use, trying another port.
Jupyter Kernel Gateway 3.0.1 is available at http://127.0.0.1:8889
Kernel started: 1505eaaf-8f3f-4c57-8338-4462f387bc10
No session ID specified
Connecting to kernel 1505eaaf-8f3f-4c57-8338-4462f387bc10.
Starting buffering for 1505eaaf-8f3f-4c57-8338-4462f387bc10:411e1e09-72f20a74fee5ffd8848505e0
Starting buffering for 7d86cee8-2ed6-4a73-b88d-395efdc847bf:20c2eb00-20888d8aac850cf35b35ed66
The port 8888 is already in use, trying another port.
The port 8889 is already in use, trying another port.
Jupyter Kernel Gateway 3.0.1 is available at http://127.0.0.1:8890
Kernel started: 463f8720-fa48-45b7-85f0-104e281e2899
No session ID specified
Connecting to kernel 463f8720-fa48-45b7-85f0-104e281e2899.
The port 8888 is already in use, trying another port.
The port 8889 is already in use, trying another port.
The port 8890 is already in use, trying another port.
Jupyter Kernel Gateway 3.0.1 is available at http://127.0.0.1:8891
Kernel started: e6d16750-a09e-4a34-a240-66c9b664f01d
No session ID specified
Connecting to kernel e6d16750-a09e-4a34-a240-66c9b664f01d.
Starting buffering for e6d16750-a09e-4a34-a240-66c9b664f01d:a28de6cc-a6960046cccce52a78d26917
Starting buffering for 463f8720-fa48-45b7-85f0-104e281e2899:9a275ed9-6e9feba2704854bb8c33f262
The port 8888 is already in use, trying another port.
The port 8889 is already in use, trying another port.
The port 8890 is already in use, trying another port.
The port 8891 is already in use, trying another port.
Jupyter Kernel Gateway 3.0.1 is available at http://127.0.0.1:8892
Kernel started: 851925e0-95d0-47e5-9bdb-8ed960261d6e
No session ID specified
Connecting to kernel 851925e0-95d0-47e5-9bdb-8ed960261d6e.
interrupted
Shutting down...
Kernel shutdown: 851925e0-95d0-47e5-9bdb-8ed960261d6e
The port 8888 is already in use, trying another port.
The port 8889 is already in use, trying another port.
The port 8890 is already in use, trying another port.
The port 8891 is already in use, trying another port.
Jupyter Kernel Gateway 3.0.1 is available at http://127.0.0.1:8892
Kernel started: a62902a5-fb32-4332-8e67-31aaac7facc9
No session ID specified
Connecting to kernel a62902a5-fb32-4332-8e67-31aaac7facc9.
interrupted
Shutting down...
Kernel shutdown: a62902a5-fb32-4332-8e67-31aaac7facc9
received signal 15, stopping
received signal 15, stopping
received signal 15, stopping
received signal 15, stopping
Kernel shutdown: e6d16750-a09e-4a34-a240-66c9b664f01d
Kernel shutdown: 1505eaaf-8f3f-4c57-8338-4462f387bc10
Kernel shutdown: 463f8720-fa48-45b7-85f0-104e281e2899
Kernel shutdown: 7d86cee8-2ed6-4a73-b88d-395efdc847bf
Jupyter Kernel Gateway 3.0.1 is available at http://127.0.0.1:8888
Kernel started: b02d29f5-c1d6-4602-8b58-0f5f0eba9e11
No session ID specified
Connecting to kernel b02d29f5-c1d6-4602-8b58-0f5f0eba9e11.
WebSocket ping timeout after 99003 ms.
Starting buffering for b02d29f5-c1d6-4602-8b58-0f5f0eba9e11:d52399a8-6af4bcc33f18ab1f9894366b
The port 8888 is already in use, trying another port.
Jupyter Kernel Gateway 3.0.1 is available at http://127.0.0.1:8889
Kernel started: fc184957-2c47-45fd-9d1f-9590d1f7f469
No session ID specified
Connecting to kernel fc184957-2c47-45fd-9d1f-9590d1f7f469.
interrupted
Shutting down...
Kernel shutdown: fc184957-2c47-45fd-9d1f-9590d1f7f469
The port 8888 is already in use, trying another port.
Jupyter Kernel Gateway 3.0.1 is available at http://127.0.0.1:8889
Kernel started: 1ba385c9-6e0e-46e9-85be-221e5320c899
No session ID specified
Connecting to kernel 1ba385c9-6e0e-46e9-85be-221e5320c899.
WebSocket ping timeout after 183178 ms.
Starting buffering for 1ba385c9-6e0e-46e9-85be-221e5320c899:c9ef0f7e-fdc4870843e59dafa47917f1
The port 8888 is already in use, trying another port.
The port 8889 is already in use, trying another port.
Jupyter Kernel Gateway 3.0.1 is available at http://127.0.0.1:8890
Kernel started: ff14a6ac-b4dc-400d-991d-aec30a541fa8
No session ID specified
Connecting to kernel ff14a6ac-b4dc-400d-991d-aec30a541fa8.
interrupted
Shutting down...
Kernel shutdown: ff14a6ac-b4dc-400d-991d-aec30a541fa8
The port 8888 is already in use, trying another port.
The port 8889 is already in use, trying another port.
Jupyter Kernel Gateway 3.0.1 is available at http://127.0.0.1:8890
Kernel started: 80dac691-72af-446a-b0a3-610a498e945b
No session ID specified
Connecting to kernel 80dac691-72af-446a-b0a3-610a498e945b.
interrupted
Shutting down...
Kernel shutdown: 80dac691-72af-446a-b0a3-610a498e945b
